0 info it worked if it ends with ok
1 verbose cli [ '/usr/bin/nodejs', '/usr/bin/npm', 'start' ]
2 info using npm@3.9.5
3 info using node@v6.2.2
4 verbose run-script [ 'prestart', 'start', 'poststart' ]
5 info lifecycle weather_app@0.0.0~prestart: weather_app@0.0.0
6 silly lifecycle weather_app@0.0.0~prestart: no script for prestart, continuing
7 info lifecycle weather_app@0.0.0~start: weather_app@0.0.0
8 verbose lifecycle weather_app@0.0.0~start: unsafe-perm in lifecycle true
9 verbose lifecycle weather_app@0.0.0~start: PATH: /usr/lib/node_modules/npm/bin/node-gyp-bin:/home/shlok/code_home/NodeJS/LeftShift/weather_app/node_modules/.bin:/usr/bin:/usr/local/heroku/bin:/usr/games:/home/shlok/.rvm/gems/ruby-2.2.3/bin:/home/shlok/.rvm/gems/ruby-2.2.3@global/bin:/home/shlok/.rvm/rubies/ruby-2.2.3/bin:/usr/local/sbin:/usr/local/bin:/usr/sbin:/usr/bin:/sbin:/bin:/usr/games:/usr/local/games:/home/shlok/.rvm/bin:/home/shlok/.rvm/bin
10 verbose lifecycle weather_app@0.0.0~start: CWD: /home/shlok/code_home/NodeJS/LeftShift/weather_app
11 silly lifecycle weather_app@0.0.0~start: Args: [ '-c', 'node ./bin/www' ]
12 silly lifecycle weather_app@0.0.0~start: Returned: code: 1  signal: null
13 info lifecycle weather_app@0.0.0~start: Failed to exec start script
14 verbose stack Error: weather_app@0.0.0 start: `node ./bin/www`
14 verbose stack Exit status 1
14 verbose stack     at EventEmitter.<anonymous> (/usr/lib/node_modules/npm/lib/utils/lifecycle.js:245:16)
14 verbose stack     at emitTwo (events.js:106:13)
14 verbose stack     at EventEmitter.emit (events.js:191:7)
14 verbose stack     at ChildProcess.<anonymous> (/usr/lib/node_modules/npm/lib/utils/spawn.js:24:14)
14 verbose stack     at emitTwo (events.js:106:13)
14 verbose stack     at ChildProcess.emit (events.js:191:7)
14 verbose stack     at maybeClose (internal/child_process.js:852:16)
14 verbose stack     at Process.ChildProcess._handle.onexit (internal/child_process.js:215:5)
15 verbose pkgid weather_app@0.0.0
16 verbose cwd /home/shlok/code_home/NodeJS/LeftShift/weather_app
17 error Linux 3.19.0-61-generic
18 error argv "/usr/bin/nodejs" "/usr/bin/npm" "start"
19 error node v6.2.2
20 error npm  v3.9.5
21 error code ELIFECYCLE
22 error weather_app@0.0.0 start: `node ./bin/www`
22 error Exit status 1
23 error Failed at the weather_app@0.0.0 start script 'node ./bin/www'.
23 error Make sure you have the latest version of node.js and npm installed.
23 error If you do, this is most likely a problem with the weather_app package,
23 error not with npm itself.
23 error Tell the author that this fails on your system:
23 error     node ./bin/www
23 error You can get information on how to open an issue for this project with:
23 error     npm bugs weather_app
23 error Or if that isn't available, you can get their info via:
23 error     npm owner ls weather_app
23 error There is likely additional logging output above.
24 verbose exit [ 1, true ]
